<?xml version="1.0" encoding="UTF-8"?>
<!-- Generated by org.testng.reporters.JUnitXMLReporter -->
<testsuite hostname="LAPTOP-M4N4JHAP" ignored="0" name="Default test" tests="12" failures="0" timestamp="2021-08-18T10:22:58 IST" time="10.857" errors="0">
  <testcase name="noAuthentication_createGist" time="2.42" classname="restassured.TestCases"/>
  <testcase name="noAuthentication_deleteGist" time="0.403" classname="restassured.TestCases"/>
  <testcase name="noAuthentication_editGist" time="0.343" classname="restassured.TestCases"/>
  <testcase name="noAuthentication_rateLimit" time="0.948" classname="restassured.TestCases"/>
  <testcase name="noAuthentication_readGistsAll" time="2.121" classname="restassured.TestCases"/>
  <testcase name="noAuthentication_readGistsSpecific" time="0.454" classname="restassured.TestCases"/>
  <testcase name="withAuthentication_createGist" time="1.143" classname="restassured.TestCases"/>
  <testcase name="withAuthentication_rateLimit" time="0.423" classname="restassured.TestCases"/>
  <testcase name="withAuthentication_readGistsAll" time="0.587" classname="restassured.TestCases"/>
  <testcase name="withAuthentication_readGistsSpecific" time="0.552" classname="restassured.TestCases"/>
  <testcase name="withAuthentication_editGist" time="0.712" classname="restassured.TestCases"/>
  <testcase name="withAuthentication_deleteGist" time="0.67" classname="restassured.TestCases"/>
</testsuite> <!-- Default test -->
