<?xml version="1.0" encoding="UTF-8"?>
<testng-results skipped="0" failed="0" ignored="0" total="12" passed="12">
  <reporter-output>
  </reporter-output>
  <suite name="Default suite" duration-ms="10857" started-at="2021-08-18T10:22:47 IST" finished-at="2021-08-18T10:22:58 IST">
    <groups>
    </groups>
    <test name="Default test" duration-ms="10857" started-at="2021-08-18T10:22:47 IST" finished-at="2021-08-18T10:22:58 IST">
      <class name="restassured.TestCases">
        <test-method status="PASS" signature="setUp()[pri:0, instance:restassured.TestCases@1d29cf23]" name="setUp" is-config="true" duration-ms="671" started-at="2021-08-18T10:22:46 IST" finished-at="2021-08-18T10:22:47 IST">
          <reporter-output>
          </reporter-output>
        </test-method> <!-- setUp -->
        <test-method status="PASS" signature="noAuthentication_createGist()[pri:0, instance:restassured.TestCases@1d29cf23]" name="noAuthentication_createGist" duration-ms="2420" started-at="2021-08-18T10:22:47 IST" finished-at="2021-08-18T10:22:49 IST">
          <reporter-output>
          </reporter-output>
        </test-method> <!-- noAuthentication_createGist -->
        <test-method status="PASS" signature="noAuthentication_deleteGist()[pri:0, instance:restassured.TestCases@1d29cf23]" name="noAuthentication_deleteGist" duration-ms="403" started-at="2021-08-18T10:22:49 IST" finished-at="2021-08-18T10:22:50 IST">
          <reporter-output>
          </reporter-output>
        </test-method> <!-- noAuthentication_deleteGist -->
        <test-method status="PASS" signature="noAuthentication_editGist()[pri:0, instance:restassured.TestCases@1d29cf23]" name="noAuthentication_editGist" duration-ms="343" started-at="2021-08-18T10:22:50 IST" finished-at="2021-08-18T10:22:50 IST">
          <reporter-output>
          </reporter-output>
        </test-method> <!-- noAuthentication_editGist -->
        <test-method status="PASS" signature="noAuthentication_rateLimit()[pri:0, instance:restassured.TestCases@1d29cf23]" name="noAuthentication_rateLimit" duration-ms="948" started-at="2021-08-18T10:22:50 IST" finished-at="2021-08-18T10:22:51 IST">
          <reporter-output>
          </reporter-output>
        </test-method> <!-- noAuthentication_rateLimit -->
        <test-method status="PASS" signature="noAuthentication_readGistsAll()[pri:0, instance:restassured.TestCases@1d29cf23]" name="noAuthentication_readGistsAll" duration-ms="2121" started-at="2021-08-18T10:22:51 IST" finished-at="2021-08-18T10:22:53 IST">
          <reporter-output>
          </reporter-output>
        </test-method> <!-- noAuthentication_readGistsAll -->
        <test-method status="PASS" signature="noAuthentication_readGistsSpecific()[pri:0, instance:restassured.TestCases@1d29cf23]" name="noAuthentication_readGistsSpecific" duration-ms="454" started-at="2021-08-18T10:22:53 IST" finished-at="2021-08-18T10:22:54 IST">
          <reporter-output>
          </reporter-output>
        </test-method> <!-- noAuthentication_readGistsSpecific -->
        <test-method status="PASS" signature="withAuthentication_createGist()[pri:0, instance:restassured.TestCases@1d29cf23]" name="withAuthentication_createGist" duration-ms="1143" started-at="2021-08-18T10:22:54 IST" finished-at="2021-08-18T10:22:55 IST">
          <reporter-output>
          </reporter-output>
        </test-method> <!-- withAuthentication_createGist -->
        <test-method status="PASS" signature="withAuthentication_rateLimit()[pri:0, instance:restassured.TestCases@1d29cf23]" name="withAuthentication_rateLimit" duration-ms="423" started-at="2021-08-18T10:22:55 IST" finished-at="2021-08-18T10:22:55 IST">
          <reporter-output>
          </reporter-output>
        </test-method> <!-- withAuthentication_rateLimit -->
        <test-method status="PASS" signature="withAuthentication_readGistsAll()[pri:0, instance:restassured.TestCases@1d29cf23]" name="withAuthentication_readGistsAll" duration-ms="587" started-at="2021-08-18T10:22:55 IST" finished-at="2021-08-18T10:22:56 IST">
          <reporter-output>
          </reporter-output>
        </test-method> <!-- withAuthentication_readGistsAll -->
        <test-method status="PASS" signature="withAuthentication_readGistsSpecific()[pri:1, instance:restassured.TestCases@1d29cf23]" name="withAuthentication_readGistsSpecific" duration-ms="552" started-at="2021-08-18T10:22:56 IST" finished-at="2021-08-18T10:22:56 IST">
          <reporter-output>
          </reporter-output>
        </test-method> <!-- withAuthentication_readGistsSpecific -->
        <test-method status="PASS" signature="withAuthentication_editGist()[pri:2, instance:restassured.TestCases@1d29cf23]" name="withAuthentication_editGist" duration-ms="712" started-at="2021-08-18T10:22:56 IST" finished-at="2021-08-18T10:22:57 IST">
          <reporter-output>
          </reporter-output>
        </test-method> <!-- withAuthentication_editGist -->
        <test-method status="PASS" signature="withAuthentication_deleteGist()[pri:3, instance:restassured.TestCases@1d29cf23]" name="withAuthentication_deleteGist" duration-ms="670" started-at="2021-08-18T10:22:57 IST" finished-at="2021-08-18T10:22:58 IST">
          <reporter-output>
          </reporter-output>
        </test-method> <!-- withAuthentication_deleteGist -->
      </class> <!-- restassured.TestCases -->
    </test> <!-- Default test -->
  </suite> <!-- Default suite -->
</testng-results>
